This file contains any messages produced by compilers while
running configure, to aid debugging if configure makes a mistake.

It was created by interp4cmds-2libs configure 1.0, which was
generated by GNU Autoconf 2.71.  Invocation command line was

  $ ./configure

## --------- ##
## Platform. ##
## --------- ##

hostname = koczka
uname -m = x86_64
uname -r = 6.2.0-37-generic
uname -s = Linux
uname -v = #38~22.04.1-Ubuntu SMP PREEMPT_DYNAMIC Thu Nov  2 18:01:13 UTC 2

/usr/bin/uname -p = x86_64
/bin/uname -X     = unknown

/bin/arch              = x86_64
/usr/bin/arch -k       = unknown
/usr/convex/getsysinfo = unknown
/usr/bin/hostinfo      = unknown
/bin/machine           = unknown
/usr/bin/oslevel       = unknown
/bin/universe          = unknown

PATH: /home/koczka/.local/bin/
PATH: /home/koczka/.local/bin/
PATH: /usr/local/sbin/
PATH: /usr/local/bin/
PATH: /usr/sbin/
PATH: /usr/bin/
PATH: /sbin/
PATH: /bin/
PATH: /usr/games/
PATH: /usr/local/games/
PATH: /snap/bin/
PATH: /snap/bin/


## ----------- ##
## Core tests. ##
## ----------- ##

configure:2709: looking for aux files: config.guess config.sub ltmain.sh compile ar-lib missing install-sh
configure:2722:  trying ./
configure:2751:   ./config.guess found
configure:2751:   ./config.sub found
configure:2751:   ./ltmain.sh found
configure:2751:   ./compile found
configure:2751:   ./ar-lib found
configure:2751:   ./missing found
configure:2733:   ./install-sh found
configure:2880: checking for a BSD-compatible install
configure:2953: result: /usr/bin/install -c
configure:2964: checking whether build environment is sane
configure:3019: result: yes
configure:3178: checking for a race-free mkdir -p
configure:3222: result: /usr/bin/mkdir -p
configure:3229: checking for gawk
configure:3264: result: no
configure:3229: checking for mawk
configure:3250: found /usr/bin/mawk
configure:3261: result: mawk
configure:3272: checking whether make sets $(MAKE)
configure:3295: result: yes
configure:3325: checking whether make supports nested variables
configure:3343: result: yes
configure:3492: checking whether make supports the include directive
configure:3507: make -f confmf.GNU && cat confinc.out
this is the am__doit target
configure:3510: $? = 0
configure:3529: result: yes (GNU style)
configure:3605: checking for gcc
configure:3626: found /usr/bin/gcc
configure:3637: result: gcc
configure:3990: checking for C compiler version
configure:3999: gcc --version >&5
gcc (Ubuntu 11.4.0-1ubuntu1~22.04) 11.4.0
Copyright (C) 2021 Free Software Foundation, Inc.
This is free software; see the source for copying conditions.  There is NO
warranty; not even for MERCHANTABILITY or FITNESS FOR A PARTICULAR PURPOSE.

configure:4010: $? = 0
configure:3999: gcc -v >&5
Using built-in specs.
COLLECT_GCC=gcc
COLLECT_LTO_WRAPPER=/usr/lib/gcc/x86_64-linux-gnu/11/lto-wrapper
OFFLOAD_TARGET_NAMES=nvptx-none:amdgcn-amdhsa
OFFLOAD_TARGET_DEFAULT=1
Target: x86_64-linux-gnu
Configured with: ../src/configure -v --with-pkgversion='Ubuntu 11.4.0-1ubuntu1~22.04' --with-bugurl=file:///usr/share/doc/gcc-11/README.Bugs --enable-languages=c,ada,c++,go,brig,d,fortran,objc,obj-c++,m2 --prefix=/usr --with-gcc-major-version-only --program-suffix=-11 --program-prefix=x86_64-linux-gnu- --enable-shared --enable-linker-build-id --libexecdir=/usr/lib --without-included-gettext --enable-threads=posix --libdir=/usr/lib --enable-nls --enable-bootstrap --enable-clocale=gnu --enable-libstdcxx-debug --enable-libstdcxx-time=yes --with-default-libstdcxx-abi=new --enable-gnu-unique-object --disable-vtable-verify --enable-plugin --enable-default-pie --with-system-zlib --enable-libphobos-checking=release --with-target-system-zlib=auto --enable-objc-gc=auto --enable-multiarch --disable-werror --enable-cet --with-arch-32=i686 --with-abi=m64 --with-multilib-list=m32,m64,mx32 --enable-multilib --with-tune=generic --enable-offload-targets=nvptx-none=/build/gcc-11-XeT9lY/gcc-11-11.4.0/debian/tmp-nvptx/usr,amdgcn-amdhsa=/build/gcc-11-XeT9lY/gcc-11-11.4.0/debian/tmp-gcn/usr --without-cuda-driver --enable-checking=release --build=x86_64-linux-gnu --host=x86_64-linux-gnu --target=x86_64-linux-gnu --with-build-config=bootstrap-lto-lean --enable-link-serialization=2
Thread model: posix
Supported LTO compression algorithms: zlib zstd
gcc version 11.4.0 (Ubuntu 11.4.0-1ubuntu1~22.04) 
... rest of stderr output deleted ...
configure:4010: $? = 0
configure:3999: gcc -V >&5
gcc: error: unrecognized command-line option '-V'
gcc: fatal error: no input files
compilation terminated.
configure:4010: $? = 1
configure:3999: gcc -qversion >&5
gcc: error: unrecognized command-line option '-qversion'; did you mean '--version'?
gcc: fatal error: no input files
compilation terminated.
configure:4010: $? = 1
configure:3999: gcc -version >&5
gcc: error: unrecognized command-line option '-version'
gcc: fatal error: no input files
compilation terminated.
configure:4010: $? = 1
configure:4030: checking whether the C compiler works
configure:4052: gcc    conftest.c  >&5
configure:4056: $? = 0
configure:4106: result: yes
configure:4109: checking for C compiler default output file name
configure:4111: result: a.out
configure:4117: checking for suffix of executables
configure:4124: gcc -o conftest    conftest.c  >&5
configure:4128: $? = 0
configure:4151: result: 
configure:4173: checking whether we are cross compiling
configure:4181: gcc -o conftest    conftest.c  >&5
configure:4185: $? = 0
configure:4192: ./conftest
configure:4196: $? = 0
configure:4211: result: no
configure:4216: checking for suffix of object files
configure:4239: gcc -c   conftest.c >&5
configure:4243: $? = 0
configure:4265: result: o
configure:4269: checking whether the compiler supports GNU C
configure:4289: gcc -c   conftest.c >&5
configure:4289: $? = 0
configure:4299: result: yes
configure:4310: checking whether gcc accepts -g
configure:4331: gcc -c -g  conftest.c >&5
configure:4331: $? = 0
configure:4375: result: yes
configure:4395: checking for gcc option to enable C11 features
configure:4410: gcc  -c -g -O2  conftest.c >&5
configure:4410: $? = 0
configure:4428: result: none needed
configure:4544: checking whether gcc understands -c and -o together
configure:4567: gcc -c conftest.c -o conftest2.o
configure:4570: $? = 0
configure:4567: gcc -c conftest.c -o conftest2.o
configure:4570: $? = 0
configure:4582: result: yes
configure:4601: checking dependency style of gcc
configure:4713: result: gcc3
configure:4784: checking for ar
configure:4805: found /usr/bin/ar
configure:4816: result: ar
configure:4842: checking the archiver (ar) interface
configure:4859: gcc -c -g -O2  conftest.c >&5
configure:4859: $? = 0
configure:4862: ar cru libconftest.a conftest.o >&5
ar: `u' modifier ignored since `D' is the default (see `U')
configure:4865: $? = 0
configure:4893: result: ar
configure:4945: checking build system type
configure:4960: result: x86_64-pc-linux-gnu
configure:4980: checking host system type
configure:4994: result: x86_64-pc-linux-gnu
configure:5035: checking how to print strings
configure:5062: result: printf
configure:5083: checking for a sed that does not truncate output
configure:5153: result: /usr/bin/sed
configure:5171: checking for grep that handles long lines and -e
configure:5235: result: /usr/bin/grep
configure:5240: checking for egrep
configure:5308: result: /usr/bin/grep -E
configure:5313: checking for fgrep
configure:5381: result: /usr/bin/grep -F
configure:5417: checking for ld used by gcc
configure:5485: result: /usr/bin/ld
configure:5492: checking if the linker (/usr/bin/ld) is GNU ld
configure:5508: result: yes
configure:5520: checking for BSD- or MS-compatible name lister (nm)
configure:5575: result: /usr/bin/nm -B
configure:5715: checking the name lister (/usr/bin/nm -B) interface
configure:5723: gcc -c -g -O2  conftest.c >&5
configure:5726: /usr/bin/nm -B "conftest.o"
configure:5729: output
0000000000000000 B some_variable
configure:5736: result: BSD nm
configure:5739: checking whether ln -s works
configure:5743: result: yes
configure:5751: checking the maximum length of command line arguments
configure:5883: result: 1572864
configure:5931: checking how to convert x86_64-pc-linux-gnu file names to x86_64-pc-linux-gnu format
configure:5972: result: func_convert_file_noop
configure:5979: checking how to convert x86_64-pc-linux-gnu file names to toolchain format
configure:6000: result: func_convert_file_noop
configure:6007: checking for /usr/bin/ld option to reload object files
configure:6015: result: -r
configure:6094: checking for objdump
configure:6115: found /usr/bin/objdump
configure:6126: result: objdump
configure:6158: checking how to recognize dependent libraries
configure:6359: result: pass_all
configure:6449: checking for dlltool
configure:6484: result: no
configure:6514: checking how to associate runtime and link libraries
configure:6542: result: printf %s\n
configure:6676: checking for archiver @FILE support
configure:6694: gcc -c -g -O2  conftest.c >&5
configure:6694: $? = 0
configure:6698: ar cr libconftest.a @conftest.lst >&5
configure:6701: $? = 0
configure:6706: ar cr libconftest.a @conftest.lst >&5
ar: conftest.o: No such file or directory
configure:6709: $? = 1
configure:6721: result: @
configure:6784: checking for strip
configure:6805: found /usr/bin/strip
configure:6816: result: strip
configure:6893: checking for ranlib
configure:6914: found /usr/bin/ranlib
configure:6925: result: ranlib
configure:7027: checking command to parse /usr/bin/nm -B output from gcc object
configure:7181: gcc -c -g -O2  conftest.c >&5
configure:7184: $? = 0
configure:7188: /usr/bin/nm -B conftest.o | sed -n -e 's/^.*[	 ]\([ABCDGIRSTW][ABCDGIRSTW]*\)[	 ][	 ]*\([_A-Za-z][_A-Za-z0-9]*\)$/\1 \2 \2/p' | sed '/ __gnu_lto/d' > conftest.nm
configure:7254: gcc -o conftest -g -O2   conftest.c conftstm.o >&5
configure:7257: $? = 0
configure:7295: result: ok
configure:7342: checking for sysroot
configure:7373: result: no
configure:7380: checking for a working dd
configure:7424: result: /usr/bin/dd
configure:7428: checking how to truncate binary pipes
configure:7444: result: /usr/bin/dd bs=4096 count=1
configure:7581: gcc -c -g -O2  conftest.c >&5
configure:7584: $? = 0
configure:7781: checking for mt
configure:7802: found /usr/bin/mt
configure:7813: result: mt
configure:7836: checking if mt is a manifest tool
configure:7843: mt '-?'
configure:7851: result: no
configure:8581: checking for stdio.h
configure:8581: gcc -c -g -O2  conftest.c >&5
configure:8581: $? = 0
configure:8581: result: yes
configure:8581: checking for stdlib.h
configure:8581: gcc -c -g -O2  conftest.c >&5
configure:8581: $? = 0
configure:8581: result: yes
configure:8581: checking for string.h
configure:8581: gcc -c -g -O2  conftest.c >&5
configure:8581: $? = 0
configure:8581: result: yes
configure:8581: checking for inttypes.h
configure:8581: gcc -c -g -O2  conftest.c >&5
configure:8581: $? = 0
configure:8581: result: yes
configure:8581: checking for stdint.h
configure:8581: gcc -c -g -O2  conftest.c >&5
configure:8581: $? = 0
configure:8581: result: yes
configure:8581: checking for strings.h
configure:8581: gcc -c -g -O2  conftest.c >&5
configure:8581: $? = 0
configure:8581: result: yes
configure:8581: checking for sys/stat.h
configure:8581: gcc -c -g -O2  conftest.c >&5
configure:8581: $? = 0
configure:8581: result: yes
configure:8581: checking for sys/types.h
configure:8581: gcc -c -g -O2  conftest.c >&5
configure:8581: $? = 0
configure:8581: result: yes
configure:8581: checking for unistd.h
configure:8581: gcc -c -g -O2  conftest.c >&5
configure:8581: $? = 0
configure:8581: result: yes
configure:8606: checking for dlfcn.h
configure:8606: gcc -c -g -O2  conftest.c >&5
configure:8606: $? = 0
configure:8606: result: yes
configure:8865: checking for objdir
configure:8881: result: .libs
configure:9145: checking if gcc supports -fno-rtti -fno-exceptions
configure:9164: gcc -c -g -O2  -fno-rtti -fno-exceptions conftest.c >&5
cc1: warning: command-line option '-fno-rtti' is valid for C++/D/ObjC++ but not for C
configure:9168: $? = 0
configure:9181: result: no
configure:9545: checking for gcc option to produce PIC
configure:9553: result: -fPIC -DPIC
configure:9561: checking if gcc PIC flag -fPIC -DPIC works
configure:9580: gcc -c -g -O2  -fPIC -DPIC -DPIC conftest.c >&5
configure:9584: $? = 0
configure:9597: result: yes
configure:9626: checking if gcc static flag -static works
configure:9655: result: yes
configure:9670: checking if gcc supports -c -o file.o
configure:9692: gcc -c -g -O2  -o out/conftest2.o conftest.c >&5
configure:9696: $? = 0
configure:9718: result: yes
configure:9726: checking if gcc supports -c -o file.o
configure:9774: result: yes
configure:9807: checking whether the gcc linker (/usr/bin/ld -m elf_x86_64) supports shared libraries
configure:11077: result: yes
configure:11114: checking whether -lc should be explicitly linked in
configure:11123: gcc -c -g -O2  conftest.c >&5
configure:11126: $? = 0
configure:11141: gcc -shared  -fPIC -DPIC conftest.o  -v -Wl,-soname -Wl,conftest -o conftest 2\>\&1 \| /usr/bin/grep  -lc  \>/dev/null 2\>\&1
configure:11144: $? = 0
configure:11158: result: no
configure:11318: checking dynamic linker characteristics
configure:11900: gcc -o conftest -g -O2   -Wl,-rpath -Wl,/foo conftest.c  >&5
configure:11900: $? = 0
configure:12151: result: GNU/Linux ld.so
configure:12273: checking how to hardcode library paths into programs
configure:12298: result: immediate
configure:12850: checking whether stripping libraries is possible
configure:12855: result: yes
configure:12890: checking if libtool supports shared libraries
configure:12892: result: yes
configure:12895: checking whether to build shared libraries
configure:12920: result: yes
configure:12923: checking whether to build static libraries
configure:12927: result: yes
configure:13039: checking for g++
configure:13060: found /usr/bin/g++
configure:13071: result: g++
configure:13098: checking for C++ compiler version
configure:13107: g++ --version >&5
g++ (Ubuntu 11.4.0-1ubuntu1~22.04) 11.4.0
Copyright (C) 2021 Free Software Foundation, Inc.
This is free software; see the source for copying conditions.  There is NO
warranty; not even for MERCHANTABILITY or FITNESS FOR A PARTICULAR PURPOSE.

configure:13118: $? = 0
configure:13107: g++ -v >&5
Using built-in specs.
COLLECT_GCC=g++
COLLECT_LTO_WRAPPER=/usr/lib/gcc/x86_64-linux-gnu/11/lto-wrapper
OFFLOAD_TARGET_NAMES=nvptx-none:amdgcn-amdhsa
OFFLOAD_TARGET_DEFAULT=1
Target: x86_64-linux-gnu
Configured with: ../src/configure -v --with-pkgversion='Ubuntu 11.4.0-1ubuntu1~22.04' --with-bugurl=file:///usr/share/doc/gcc-11/README.Bugs --enable-languages=c,ada,c++,go,brig,d,fortran,objc,obj-c++,m2 --prefix=/usr --with-gcc-major-version-only --program-suffix=-11 --program-prefix=x86_64-linux-gnu- --enable-shared --enable-linker-build-id --libexecdir=/usr/lib --without-included-gettext --enable-threads=posix --libdir=/usr/lib --enable-nls --enable-bootstrap --enable-clocale=gnu --enable-libstdcxx-debug --enable-libstdcxx-time=yes --with-default-libstdcxx-abi=new --enable-gnu-unique-object --disable-vtable-verify --enable-plugin --enable-default-pie --with-system-zlib --enable-libphobos-checking=release --with-target-system-zlib=auto --enable-objc-gc=auto --enable-multiarch --disable-werror --enable-cet --with-arch-32=i686 --with-abi=m64 --with-multilib-list=m32,m64,mx32 --enable-multilib --with-tune=generic --enable-offload-targets=nvptx-none=/build/gcc-11-XeT9lY/gcc-11-11.4.0/debian/tmp-nvptx/usr,amdgcn-amdhsa=/build/gcc-11-XeT9lY/gcc-11-11.4.0/debian/tmp-gcn/usr --without-cuda-driver --enable-checking=release --build=x86_64-linux-gnu --host=x86_64-linux-gnu --target=x86_64-linux-gnu --with-build-config=bootstrap-lto-lean --enable-link-serialization=2
Thread model: posix
Supported LTO compression algorithms: zlib zstd
gcc version 11.4.0 (Ubuntu 11.4.0-1ubuntu1~22.04) 
... rest of stderr output deleted ...
configure:13118: $? = 0
configure:13107: g++ -V >&5
g++: error: unrecognized command-line option '-V'
g++: fatal error: no input files
compilation terminated.
configure:13118: $? = 1
configure:13107: g++ -qversion >&5
g++: error: unrecognized command-line option '-qversion'; did you mean '--version'?
g++: fatal error: no input files
compilation terminated.
configure:13118: $? = 1
configure:13122: checking whether the compiler supports GNU C++
configure:13142: g++ -c   conftest.cpp >&5
configure:13142: $? = 0
configure:13152: result: yes
configure:13163: checking whether g++ accepts -g
configure:13184: g++ -c -g  conftest.cpp >&5
configure:13184: $? = 0
configure:13228: result: yes
configure:13248: checking for g++ option to enable C++11 features
configure:13263: g++  -c -g -O2  conftest.cpp >&5
conftest.cpp: In function 'int main(int, char**)':
conftest.cpp:189:25: warning: empty parentheses were disambiguated as a function declaration [-Wvexing-parse]
  189 |   cxx11test::delegate d2();
      |                         ^~
conftest.cpp:189:25: note: remove parentheses to default-initialize a variable
  189 |   cxx11test::delegate d2();
      |                         ^~
      |                         --
conftest.cpp:189:25: note: or replace parentheses with braces to value-initialize a variable
configure:13263: $? = 0
configure:13281: result: none needed
configure:13347: checking dependency style of g++
configure:13459: result: gcc3
configure:13492: checking how to run the C++ preprocessor
configure:13514: g++ -E  conftest.cpp
configure:13514: $? = 0
configure:13529: g++ -E  conftest.cpp
conftest.cpp:23:10: fatal error: ac_nonexistent.h: No such file or directory
   23 | #include <ac_nonexistent.h>
      |          ^~~~~~~~~~~~~~~~~~
compilation terminated.
configure:13529: $? = 1
configure: failed program was:
| /* confdefs.h */
| #define PACKAGE_NAME "interp4cmds-2libs"
| #define PACKAGE_TARNAME "interp4cmds-2libs"
| #define PACKAGE_VERSION "1.0"
| #define PACKAGE_STRING "interp4cmds-2libs 1.0"
| #define PACKAGE_BUGREPORT "jkowals@diablo.iiar.pwr.wroc.pl"
| #define PACKAGE_URL ""
| #define PACKAGE "interp4cmds-2libs"
| #define VERSION "1.0"
| #define HAVE_STDIO_H 1
| #define HAVE_STDLIB_H 1
| #define HAVE_STRING_H 1
| #define HAVE_INTTYPES_H 1
| #define HAVE_STDINT_H 1
| #define HAVE_STRINGS_H 1
| #define HAVE_SYS_STAT_H 1
| #define HAVE_SYS_TYPES_H 1
| #define HAVE_UNISTD_H 1
| #define STDC_HEADERS 1
| #define HAVE_DLFCN_H 1
| #define LT_OBJDIR ".libs/"
| /* end confdefs.h.  */
| #include <ac_nonexistent.h>
configure:13556: result: g++ -E
configure:13570: g++ -E  conftest.cpp
configure:13570: $? = 0
configure:13585: g++ -E  conftest.cpp
conftest.cpp:23:10: fatal error: ac_nonexistent.h: No such file or directory
   23 | #include <ac_nonexistent.h>
      |          ^~~~~~~~~~~~~~~~~~
compilation terminated.
configure:13585: $? = 1
configure: failed program was:
| /* confdefs.h */
| #define PACKAGE_NAME "interp4cmds-2libs"
| #define PACKAGE_TARNAME "interp4cmds-2libs"
| #define PACKAGE_VERSION "1.0"
| #define PACKAGE_STRING "interp4cmds-2libs 1.0"
| #define PACKAGE_BUGREPORT "jkowals@diablo.iiar.pwr.wroc.pl"
| #define PACKAGE_URL ""
| #define PACKAGE "interp4cmds-2libs"
| #define VERSION "1.0"
| #define HAVE_STDIO_H 1
| #define HAVE_STDLIB_H 1
| #define HAVE_STRING_H 1
| #define HAVE_INTTYPES_H 1
| #define HAVE_STDINT_H 1
| #define HAVE_STRINGS_H 1
| #define HAVE_SYS_STAT_H 1
| #define HAVE_SYS_TYPES_H 1
| #define HAVE_UNISTD_H 1
| #define STDC_HEADERS 1
| #define HAVE_DLFCN_H 1
| #define LT_OBJDIR ".libs/"
| /* end confdefs.h.  */
| #include <ac_nonexistent.h>
configure:13750: checking for ld used by g++
configure:13818: result: /usr/bin/ld -m elf_x86_64
configure:13825: checking if the linker (/usr/bin/ld -m elf_x86_64) is GNU ld
configure:13841: result: yes
configure:13896: checking whether the g++ linker (/usr/bin/ld -m elf_x86_64) supports shared libraries
configure:14973: result: yes
configure:15009: g++ -c -g -O2  conftest.cpp >&5
configure:15012: $? = 0
configure:15493: checking for g++ option to produce PIC
configure:15501: result: -fPIC -DPIC
configure:15509: checking if g++ PIC flag -fPIC -DPIC works
configure:15528: g++ -c -g -O2  -fPIC -DPIC -DPIC conftest.cpp >&5
configure:15532: $? = 0
configure:15545: result: yes
configure:15568: checking if g++ static flag -static works
configure:15597: result: yes
configure:15609: checking if g++ supports -c -o file.o
configure:15631: g++ -c -g -O2  -o out/conftest2.o conftest.cpp >&5
configure:15635: $? = 0
configure:15657: result: yes
configure:15662: checking if g++ supports -c -o file.o
configure:15710: result: yes
configure:15740: checking whether the g++ linker (/usr/bin/ld -m elf_x86_64) supports shared libraries
configure:15783: result: yes
configure:15925: checking dynamic linker characteristics
configure:16685: result: GNU/Linux ld.so
configure:16750: checking how to hardcode library paths into programs
configure:16775: result: immediate
configure:16827: checking for _init in -lxerces-c
configure:16849: g++ -o conftest -g -O2   conftest.cpp -lxerces-c   >&5
configure:16849: $? = 0
configure:16859: result: yes
configure:16875: checking for library containing dlopen
configure:16904: g++ -o conftest -g -O2   conftest.cpp -lxerces-c  >&5
configure:16904: $? = 0
configure:16924: result: none required
configure:17044: checking that generated files are newer than configure
configure:17050: result: done
configure:17077: creating ./config.status

## ---------------------- ##
## Running config.status. ##
## ---------------------- ##

This file was extended by interp4cmds-2libs config.status 1.0, which was
generated by GNU Autoconf 2.71.  Invocation command line was

  CONFIG_FILES    = 
  CONFIG_HEADERS  = 
  CONFIG_LINKS    = 
  CONFIG_COMMANDS = 
  $ ./config.status 

on koczka

config.status:1147: creating Makefile
config.status:1147: creating src/Makefile
config.status:1147: creating inc/Makefile
config.status:1147: creating src-lib/Makefile
config.status:1147: creating config.h
config.status:1376: executing depfiles commands
config.status:1453: cd src       && sed -e '/# am--include-marker/d' Makefile         | make -f - am--depfiles
config.status:1458: $? = 0
config.status:1453: cd src-lib       && sed -e '/# am--include-marker/d' Makefile         | make -f - am--depfiles
config.status:1458: $? = 0
config.status:1376: executing libtool commands

## ---------------- ##
## Cache variables. ##
## ---------------- ##

ac_cv_build=x86_64-pc-linux-gnu
ac_cv_c_compiler_gnu=yes
ac_cv_cxx_compiler_gnu=yes
ac_cv_env_CCC_set=
ac_cv_env_CCC_value=
ac_cv_env_CC_set=
ac_cv_env_CC_value=
ac_cv_env_CFLAGS_set=
ac_cv_env_CFLAGS_value=
ac_cv_env_CPPFLAGS_set=
ac_cv_env_CPPFLAGS_value=
ac_cv_env_CXXCPP_set=
ac_cv_env_CXXCPP_value=
ac_cv_env_CXXFLAGS_set=
ac_cv_env_CXXFLAGS_value=
ac_cv_env_CXX_set=
ac_cv_env_CXX_value=
ac_cv_env_LDFLAGS_set=
ac_cv_env_LDFLAGS_value=
ac_cv_env_LIBS_set=
ac_cv_env_LIBS_value=
ac_cv_env_LT_SYS_LIBRARY_PATH_set=
ac_cv_env_LT_SYS_LIBRARY_PATH_value=
ac_cv_env_build_alias_set=
ac_cv_env_build_alias_value=
ac_cv_env_host_alias_set=
ac_cv_env_host_alias_value=
ac_cv_env_target_alias_set=
ac_cv_env_target_alias_value=
ac_cv_header_dlfcn_h=yes
ac_cv_header_inttypes_h=yes
ac_cv_header_stdint_h=yes
ac_cv_header_stdio_h=yes
ac_cv_header_stdlib_h=yes
ac_cv_header_string_h=yes
ac_cv_header_strings_h=yes
ac_cv_header_sys_stat_h=yes
ac_cv_header_sys_types_h=yes
ac_cv_header_unistd_h=yes
ac_cv_host=x86_64-pc-linux-gnu
ac_cv_lib_xerces_c__init=yes
ac_cv_objext=o
ac_cv_path_EGREP='/usr/bin/grep -E'
ac_cv_path_FGREP='/usr/bin/grep -F'
ac_cv_path_GREP=/usr/bin/grep
ac_cv_path_SED=/usr/bin/sed
ac_cv_path_install='/usr/bin/install -c'
ac_cv_path_lt_DD=/usr/bin/dd
ac_cv_path_mkdir=/usr/bin/mkdir
ac_cv_prog_AWK=mawk
ac_cv_prog_CXXCPP='g++ -E'
ac_cv_prog_ac_ct_AR=ar
ac_cv_prog_ac_ct_CC=gcc
ac_cv_prog_ac_ct_CXX=g++
ac_cv_prog_ac_ct_MANIFEST_TOOL=mt
ac_cv_prog_ac_ct_OBJDUMP=objdump
ac_cv_prog_ac_ct_RANLIB=ranlib
ac_cv_prog_ac_ct_STRIP=strip
ac_cv_prog_cc_c11=
ac_cv_prog_cc_g=yes
ac_cv_prog_cc_stdc=
ac_cv_prog_cxx_11=no
ac_cv_prog_cxx_cxx11=
ac_cv_prog_cxx_g=yes
ac_cv_prog_cxx_stdcxx=
ac_cv_prog_make_make_set=yes
ac_cv_search_dlopen='none required'
am_cv_CC_dependencies_compiler_type=gcc3
am_cv_CXX_dependencies_compiler_type=gcc3
am_cv_ar_interface=ar
am_cv_make_support_nested_variables=yes
am_cv_prog_cc_c_o=yes
lt_cv_ar_at_file=@
lt_cv_archive_cmds_need_lc=no
lt_cv_deplibs_check_method=pass_all
lt_cv_file_magic_cmd='$MAGIC_CMD'
lt_cv_file_magic_test_file=
lt_cv_ld_reload_flag=-r
lt_cv_nm_interface='BSD nm'
lt_cv_objdir=.libs
lt_cv_path_LD=/usr/bin/ld
lt_cv_path_LDCXX='/usr/bin/ld -m elf_x86_64'
lt_cv_path_NM='/usr/bin/nm -B'
lt_cv_path_mainfest_tool=no
lt_cv_prog_compiler_c_o=yes
lt_cv_prog_compiler_c_o_CXX=yes
lt_cv_prog_compiler_pic='-fPIC -DPIC'
lt_cv_prog_compiler_pic_CXX='-fPIC -DPIC'
lt_cv_prog_compiler_pic_works=yes
lt_cv_prog_compiler_pic_works_CXX=yes
lt_cv_prog_compiler_rtti_exceptions=no
lt_cv_prog_compiler_static_works=yes
lt_cv_prog_compiler_static_works_CXX=yes
lt_cv_prog_gnu_ld=yes
lt_cv_prog_gnu_ldcxx=yes
lt_cv_sharedlib_from_linklib_cmd='printf %s\n'
lt_cv_shlibpath_overrides_runpath=yes
lt_cv_sys_global_symbol_pipe='sed -n -e '\''s/^.*[	 ]\([ABCDGIRSTW][ABCDGIRSTW]*\)[	 ][	 ]*\([_A-Za-z][_A-Za-z0-9]*\)$/\1 \2 \2/p'\'' | sed '\''/ __gnu_lto/d'\'''
lt_cv_sys_global_symbol_to_c_name_address='sed -n -e '\''s/^: \(.*\) .*$/  {"\1", (void *) 0},/p'\'' -e '\''s/^[ABCDGIRSTW][ABCDGIRSTW]* .* \(.*\)$/  {"\1", (void *) \&\1},/p'\'''
lt_cv_sys_global_symbol_to_c_name_address_lib_prefix='sed -n -e '\''s/^: \(.*\) .*$/  {"\1", (void *) 0},/p'\'' -e '\''s/^[ABCDGIRSTW][ABCDGIRSTW]* .* \(lib.*\)$/  {"\1", (void *) \&\1},/p'\'' -e '\''s/^[ABCDGIRSTW][ABCDGIRSTW]* .* \(.*\)$/  {"lib\1", (void *) \&\1},/p'\'''
lt_cv_sys_global_symbol_to_cdecl='sed -n -e '\''s/^T .* \(.*\)$/extern int \1();/p'\'' -e '\''s/^[ABCDGIRSTW][ABCDGIRSTW]* .* \(.*\)$/extern char \1;/p'\'''
lt_cv_sys_global_symbol_to_import=
lt_cv_sys_max_cmd_len=1572864
lt_cv_to_host_file_cmd=func_convert_file_noop
lt_cv_to_tool_file_cmd=func_convert_file_noop
lt_cv_truncate_bin='/usr/bin/dd bs=4096 count=1'

## ----------------- ##
## Output variables. ##
## ----------------- ##

ACLOCAL='${SHELL} '\''/home/koczka/Documents/ZaawansowaneMetodyProgramowania/zalazki/zad4-pomoc/package-etap4/missing'\'' aclocal-1.16'
AMDEPBACKSLASH='\'
AMDEP_FALSE='#'
AMDEP_TRUE=''
AMTAR='$${TAR-tar}'
AM_BACKSLASH='\'
AM_DEFAULT_V='$(AM_DEFAULT_VERBOSITY)'
AM_DEFAULT_VERBOSITY='1'
AM_V='$(V)'
AR='ar'
AUTOCONF='${SHELL} '\''/home/koczka/Documents/ZaawansowaneMetodyProgramowania/zalazki/zad4-pomoc/package-etap4/missing'\'' autoconf'
AUTOHEADER='${SHELL} '\''/home/koczka/Documents/ZaawansowaneMetodyProgramowania/zalazki/zad4-pomoc/package-etap4/missing'\'' autoheader'
AUTOMAKE='${SHELL} '\''/home/koczka/Documents/ZaawansowaneMetodyProgramowania/zalazki/zad4-pomoc/package-etap4/missing'\'' automake-1.16'
AWK='mawk'
CC='gcc'
CCDEPMODE='depmode=gcc3'
CFLAGS='-g -O2'
CPPFLAGS=''
CSCOPE='cscope'
CTAGS='ctags'
CXX='g++'
CXXCPP='g++ -E'
CXXDEPMODE='depmode=gcc3'
CXXFLAGS='-g -O2'
CYGPATH_W='echo'
DEFS='-DHAVE_CONFIG_H'
DEPDIR='.deps'
DLLTOOL='false'
DSYMUTIL=''
DUMPBIN=''
ECHO_C=''
ECHO_N='-n'
ECHO_T=''
EGREP='/usr/bin/grep -E'
ETAGS='etags'
EXEEXT=''
FGREP='/usr/bin/grep -F'
GREP='/usr/bin/grep'
INSTALL_DATA='${INSTALL} -m 644'
INSTALL_PROGRAM='${INSTALL}'
INSTALL_SCRIPT='${INSTALL}'
INSTALL_STRIP_PROGRAM='$(install_sh) -c -s'
LD='/usr/bin/ld -m elf_x86_64'
LDFLAGS=''
LIBOBJS=''
LIBS='-lxerces-c '
LIBTOOL='$(SHELL) $(top_builddir)/libtool'
LIB_DLOPEN=''
LIPO=''
LN_S='ln -s'
LTLIBOBJS=''
LT_SYS_LIBRARY_PATH=''
MAKEINFO='${SHELL} '\''/home/koczka/Documents/ZaawansowaneMetodyProgramowania/zalazki/zad4-pomoc/package-etap4/missing'\'' makeinfo'
MANIFEST_TOOL=':'
MKDIR_P='/usr/bin/mkdir -p'
NM='/usr/bin/nm -B'
NMEDIT=''
OBJDUMP='objdump'
OBJEXT='o'
OTOOL64=''
OTOOL=''
PACKAGE='interp4cmds-2libs'
PACKAGE_BUGREPORT='jkowals@diablo.iiar.pwr.wroc.pl'
PACKAGE_NAME='interp4cmds-2libs'
PACKAGE_STRING='interp4cmds-2libs 1.0'
PACKAGE_TARNAME='interp4cmds-2libs'
PACKAGE_URL=''
PACKAGE_VERSION='1.0'
PATH_SEPARATOR=':'
RANLIB='ranlib'
SED='/usr/bin/sed'
SET_MAKE=''
SHELL='/bin/bash'
STRIP='strip'
VERSION='1.0'
ac_ct_AR='ar'
ac_ct_CC='gcc'
ac_ct_CXX='g++'
ac_ct_DUMPBIN=''
am__EXEEXT_FALSE=''
am__EXEEXT_TRUE='#'
am__fastdepCC_FALSE='#'
am__fastdepCC_TRUE=''
am__fastdepCXX_FALSE='#'
am__fastdepCXX_TRUE=''
am__include='include'
am__isrc=''
am__leading_dot='.'
am__nodep='_no'
am__quote=''
am__tar='$${TAR-tar} chof - "$$tardir"'
am__untar='$${TAR-tar} xf -'
bindir='${exec_prefix}/bin'
build='x86_64-pc-linux-gnu'
build_alias=''
build_cpu='x86_64'
build_os='linux-gnu'
build_vendor='pc'
datadir='${datarootdir}'
datarootdir='${prefix}/share'
docdir='${datarootdir}/doc/${PACKAGE_TARNAME}'
dvidir='${docdir}'
exec_prefix='${prefix}'
host='x86_64-pc-linux-gnu'
host_alias=''
host_cpu='x86_64'
host_os='linux-gnu'
host_vendor='pc'
htmldir='${docdir}'
includedir='${prefix}/include'
infodir='${datarootdir}/info'
install_sh='${SHELL} /home/koczka/Documents/ZaawansowaneMetodyProgramowania/zalazki/zad4-pomoc/package-etap4/install-sh'
libdir='${exec_prefix}/lib'
libexecdir='${exec_prefix}/libexec'
localedir='${datarootdir}/locale'
localstatedir='${prefix}/var'
mandir='${datarootdir}/man'
mkdir_p='$(MKDIR_P)'
oldincludedir='/usr/include'
pdfdir='${docdir}'
prefix='/usr/local'
program_transform_name='s,x,x,'
psdir='${docdir}'
runstatedir='${localstatedir}/run'
sbindir='${exec_prefix}/sbin'
sharedstatedir='${prefix}/com'
sysconfdir='${prefix}/etc'
target_alias=''

## ----------- ##
## confdefs.h. ##
## ----------- ##

/* confdefs.h */
#define PACKAGE_NAME "interp4cmds-2libs"
#define PACKAGE_TARNAME "interp4cmds-2libs"
#define PACKAGE_VERSION "1.0"
#define PACKAGE_STRING "interp4cmds-2libs 1.0"
#define PACKAGE_BUGREPORT "jkowals@diablo.iiar.pwr.wroc.pl"
#define PACKAGE_URL ""
#define PACKAGE "interp4cmds-2libs"
#define VERSION "1.0"
#define HAVE_STDIO_H 1
#define HAVE_STDLIB_H 1
#define HAVE_STRING_H 1
#define HAVE_INTTYPES_H 1
#define HAVE_STDINT_H 1
#define HAVE_STRINGS_H 1
#define HAVE_SYS_STAT_H 1
#define HAVE_SYS_TYPES_H 1
#define HAVE_UNISTD_H 1
#define STDC_HEADERS 1
#define HAVE_DLFCN_H 1
#define LT_OBJDIR ".libs/"
#define HAVE_LIBXERCES_C 1

configure: exit 0

## ---------------------- ##
## Running config.status. ##
## ---------------------- ##

This file was extended by interp4cmds-2libs config.status 1.0, which was
generated by GNU Autoconf 2.71.  Invocation command line was

  CONFIG_FILES    = 
  CONFIG_HEADERS  = 
  CONFIG_LINKS    = 
  CONFIG_COMMANDS = 
  $ ./config.status src-lib/Makefile depfiles

on koczka

config.status:1147: creating src-lib/Makefile
config.status:1376: executing depfiles commands
config.status:1453: cd src-lib       && sed -e '/# am--include-marker/d' Makefile         | make -f - am--depfiles
make[3]: Entering directory '/home/koczka/Documents/ZaawansowaneMetodyProgramowania/zalazki/zad4-pomoc/package-etap4/src-lib'
make[3]: Nothing to be done for 'am--depfiles'.
make[3]: Leaving directory '/home/koczka/Documents/ZaawansowaneMetodyProgramowania/zalazki/zad4-pomoc/package-etap4/src-lib'
config.status:1458: $? = 0
